<?xml version="1.0" encoding="UTF-8"?>
<!-- Generated by org.testng.reporters.JUnitXMLReporter -->
<testsuite ignored="1" hostname="guru" failures="0" tests="1" name="Default test" time="0.358" errors="0" timestamp="2021-06-26T18:59:28 IST">
  <testcase classname="mavenSample.Mavenjava.AppiumTest" name="NativeAppAndroid" time="0.024"/>
  <testcase classname="mavenSample.Mavenjava.AppiumTest" name="IOSAppp" time="0.0">
    <ignored/>
  </testcase> <!-- IOSAppp -->
</testsuite> <!-- Default test -->
