<?xml version="1.0" encoding="UTF-8"?>
<!-- Generated by org.testng.reporters.JUnitXMLReporter -->
<testsuite ignored="0" hostname="guru" failures="0" tests="6" name="Test" time="0.441" errors="0" timestamp="2021-06-26T20:04:43 IST">
  <testcase classname="mavenSample.Mavenjava.AppiumTest" name="IOSAppp" time="0.057"/>
  <testcase classname="mavenSample.Mavenjava.AppiumTest" name="NativeAppAndroid" time="0.003"/>
  <testcase classname="mavenSample.Mavenjava.RESTAPITest" name="deleteTwitter" time="0.003"/>
  <testcase classname="mavenSample.Mavenjava.RESTAPITest" name="postJira" time="0.002"/>
  <testcase classname="mavenSample.Mavenjava.SeleniumTest" name="BrowserAutomation" time="0.002"/>
  <testcase classname="mavenSample.Mavenjava.SeleniumTest" name="elementUI" time="0.002"/>
</testsuite> <!-- Test -->
