<?xml version="1.0" encoding="UTF-8"?>
<!-- Generated by org.testng.reporters.JUnitXMLReporter -->
<testsuite ignored="0" hostname="guru" failures="0" tests="4" name="Test" time="0.148" errors="0" timestamp="2021-06-26T20:39:11 IST">
  <testcase classname="mavenSample.Mavenjava.AppiumTest" name="IOSAppp" time="0.03"/>
  <testcase classname="mavenSample.Mavenjava.AppiumTest" name="NativeAppAndroid" time="0.0"/>
  <testcase classname="mavenSample.Mavenjava.RESTAPITest" name="deleteTwitter" time="0.0"/>
  <testcase classname="mavenSample.Mavenjava.RESTAPITest" name="postJira" time="0.0"/>
</testsuite> <!-- Test -->
