<?xml version="1.0" encoding="UTF-8"?>
<testng-results ignored="0" total="4" passed="4" failed="0" skipped="0">
  <reporter-output>
  </reporter-output>
  <suite started-at="2021-06-26T20:39:10 IST" name="Suite" finished-at="2021-06-26T20:39:10 IST" duration-ms="148">
    <groups>
    </groups>
    <test started-at="2021-06-26T20:39:10 IST" name="Test" finished-at="2021-06-26T20:39:10 IST" duration-ms="148">
      <class name="mavenSample.Mavenjava.RESTAPITest">
        <test-method signature="deleteTwitter()[pri:0, instance:mavenSample.Mavenjava.RESTAPITest@71c8becc]" started-at="2021-06-26T20:39:10 IST" name="deleteTwitter" finished-at="2021-06-26T20:39:10 IST" duration-ms="0" status="PASS">
          <reporter-output>
          </reporter-output>
        </test-method> <!-- deleteTwitter -->
        <test-method signature="postJira()[pri:0, instance:mavenSample.Mavenjava.RESTAPITest@71c8becc]" started-at="2021-06-26T20:39:10 IST" name="postJira" finished-at="2021-06-26T20:39:10 IST" duration-ms="0" status="PASS">
          <reporter-output>
          </reporter-output>
        </test-method> <!-- postJira -->
      </class> <!-- mavenSample.Mavenjava.RESTAPITest -->
      <class name="mavenSample.Mavenjava.AppiumTest">
        <test-method signature="IOSAppp()[pri:0, instance:mavenSample.Mavenjava.AppiumTest@f2f2cc1]" started-at="2021-06-26T20:39:10 IST" name="IOSAppp" finished-at="2021-06-26T20:39:10 IST" duration-ms="30" status="PASS">
          <reporter-output>
          </reporter-output>
        </test-method> <!-- IOSAppp -->
        <test-method signature="NativeAppAndroid()[pri:0, instance:mavenSample.Mavenjava.AppiumTest@f2f2cc1]" started-at="2021-06-26T20:39:10 IST" name="NativeAppAndroid" finished-at="2021-06-26T20:39:10 IST" duration-ms="0" status="PASS">
          <reporter-output>
          </reporter-output>
        </test-method> <!-- NativeAppAndroid -->
      </class> <!-- mavenSample.Mavenjava.AppiumTest -->
    </test> <!-- Test -->
  </suite> <!-- Suite -->
</testng-results>
