<?xml version="1.0" encoding="UTF-8"?>
<testng-results ignored="0" total="6" passed="6" failed="0" skipped="0">
  <reporter-output>
  </reporter-output>
  <suite started-at="2021-06-26T20:04:41 IST" name="Suite" finished-at="2021-06-26T20:04:42 IST" duration-ms="441">
    <groups>
    </groups>
    <test started-at="2021-06-26T20:04:41 IST" name="Test" finished-at="2021-06-26T20:04:42 IST" duration-ms="441">
      <class name="mavenSample.Mavenjava.RESTAPITest">
        <test-method signature="deleteTwitter()[pri:0, instance:mavenSample.Mavenjava.RESTAPITest@654f0d9c]" started-at="2021-06-26T20:04:42 IST" name="deleteTwitter" finished-at="2021-06-26T20:04:42 IST" duration-ms="3" status="PASS">
          <reporter-output>
          </reporter-output>
        </test-method> <!-- deleteTwitter -->
        <test-method signature="postJira()[pri:0, instance:mavenSample.Mavenjava.RESTAPITest@654f0d9c]" started-at="2021-06-26T20:04:42 IST" name="postJira" finished-at="2021-06-26T20:04:42 IST" duration-ms="2" status="PASS">
          <reporter-output>
          </reporter-output>
        </test-method> <!-- postJira -->
      </class> <!-- mavenSample.Mavenjava.RESTAPITest -->
      <class name="mavenSample.Mavenjava.AppiumTest">
        <test-method signature="IOSAppp()[pri:0, instance:mavenSample.Mavenjava.AppiumTest@3e92efc3]" started-at="2021-06-26T20:04:41 IST" name="IOSAppp" finished-at="2021-06-26T20:04:41 IST" duration-ms="57" status="PASS">
          <reporter-output>
          </reporter-output>
        </test-method> <!-- IOSAppp -->
        <test-method signature="NativeAppAndroid()[pri:0, instance:mavenSample.Mavenjava.AppiumTest@3e92efc3]" started-at="2021-06-26T20:04:41 IST" name="NativeAppAndroid" finished-at="2021-06-26T20:04:41 IST" duration-ms="3" status="PASS">
          <reporter-output>
          </reporter-output>
        </test-method> <!-- NativeAppAndroid -->
      </class> <!-- mavenSample.Mavenjava.AppiumTest -->
      <class name="mavenSample.Mavenjava.SeleniumTest">
        <test-method signature="BrowserAutomation()[pri:0, instance:mavenSample.Mavenjava.SeleniumTest@6a400542]" started-at="2021-06-26T20:04:42 IST" name="BrowserAutomation" finished-at="2021-06-26T20:04:42 IST" duration-ms="2" status="PASS">
          <reporter-output>
          </reporter-output>
        </test-method> <!-- BrowserAutomation -->
        <test-method signature="elementUI()[pri:0, instance:mavenSample.Mavenjava.SeleniumTest@6a400542]" started-at="2021-06-26T20:04:42 IST" name="elementUI" finished-at="2021-06-26T20:04:42 IST" duration-ms="2" status="PASS">
          <reporter-output>
          </reporter-output>
        </test-method> <!-- elementUI -->
      </class> <!-- mavenSample.Mavenjava.SeleniumTest -->
    </test> <!-- Test -->
  </suite> <!-- Suite -->
</testng-results>
